<?xml version="1.0" encoding="UTF-8" standalone="no"?>
<!DOCTYPE log SYSTEM "logger.dtd">
<log>
<record>
  <date>2020-01-16T15:05:29</date>
  <millis>1579167329327</millis>
  <sequence>0</sequence>
  <level>START</level>
  <class>com.kms.katalon.core.logging.KeywordLogger</class>
  <method>startSuite</method>
  <thread>1</thread>
  <message>Start Test Suite : Test Suites/Masters</message>
  <nestedLevel>0</nestedLevel>
  <property name="name">Masters</property>
  <property name="description"></property>
  <property name="id">Test Suites/Masters</property>
</record>
<record>
  <date>2020-01-16T15:05:29</date>
  <millis>1579167329367</millis>
  <sequence>1</sequence>
  <level>RUN_DATA</level>
  <class>com.kms.katalon.core.logging.KeywordLogger</class>
  <method>logMessage</method>
  <thread>1</thread>
  <message>Logging run data &amp;apos;hostName&amp;apos; with value &amp;apos;paramatrix - PTW10DE007&amp;apos;</message>
  <nestedLevel>0</nestedLevel>
  <property name="hostName">paramatrix - PTW10DE007</property>
</record>
<record>
  <date>2020-01-16T15:05:29</date>
  <millis>1579167329371</millis>
  <sequence>2</sequence>
  <level>RUN_DATA</level>
  <class>com.kms.katalon.core.logging.KeywordLogger</class>
  <method>logMessage</method>
  <thread>1</thread>
  <message>Logging run data &amp;apos;os&amp;apos; with value &amp;apos;Windows 10 64bit&amp;apos;</message>
  <nestedLevel>0</nestedLevel>
  <property name="os">Windows 10 64bit</property>
</record>
<record>
  <date>2020-01-16T15:05:29</date>
  <millis>1579167329372</millis>
  <sequence>3</sequence>
  <level>RUN_DATA</level>
  <class>com.kms.katalon.core.logging.KeywordLogger</class>
  <method>logMessage</method>
  <thread>1</thread>
  <message>Logging run data &amp;apos;hostAddress&amp;apos; with value &amp;apos;172.16.21.30&amp;apos;</message>
  <nestedLevel>0</nestedLevel>
  <property name="hostAddress">172.16.21.30</property>
</record>
<record>
  <date>2020-01-16T15:05:29</date>
  <millis>1579167329372</millis>
  <sequence>4</sequence>
  <level>RUN_DATA</level>
  <class>com.kms.katalon.core.logging.KeywordLogger</class>
  <method>logMessage</method>
  <thread>1</thread>
  <message>Logging run data &amp;apos;katalonVersion&amp;apos; with value &amp;apos;5.8.3.2&amp;apos;</message>
  <nestedLevel>0</nestedLevel>
  <property name="katalonVersion">5.8.3.2</property>
</record>
<record>
  <date>2020-01-16T15:05:29</date>
  <millis>1579167329679</millis>
  <sequence>5</sequence>
  <level>START</level>
  <class>com.kms.katalon.core.logging.KeywordLogger</class>
  <method>startKeyword</method>
  <thread>1</thread>
  <message>Start listener action : sampleBeforeTestSuite</message>
  <nestedLevel>0</nestedLevel>
</record>
<record>
  <date>2020-01-16T15:05:29</date>
  <millis>1579167329680</millis>
  <sequence>6</sequence>
  <level>INFO</level>
  <class>com.kms.katalon.core.logging.KeywordLogger</class>
  <method>logMessage</method>
  <thread>1</thread>
  <message>Starting invoke &amp;apos;com.kms.katalon.core.annotation.BeforeTestSuite&amp;apos; method: &amp;apos;NewTestListener.sampleBeforeTestSuite(...)&amp;apos;</message>
  <nestedLevel>0</nestedLevel>
</record>
<record>
  <date>2020-01-16T15:05:29</date>
  <millis>1579167329698</millis>
  <sequence>7</sequence>
  <level>START</level>
  <class>com.kms.katalon.core.logging.KeywordLogger</class>
  <method>startKeyword</method>
  <thread>1</thread>
  <message>Start action : openBrowser</message>
  <nestedLevel>1</nestedLevel>
  <property name="startLine">38</property>
  <property name="stepIndex">1</property>
</record>
<record>
  <date>2020-01-16T15:05:30</date>
  <millis>1579167330041</millis>
  <sequence>8</sequence>
  <level>INFO</level>
  <class>com.kms.katalon.core.logging.KeywordLogger</class>
  <method>logMessage</method>
  <thread>1</thread>
  <message>Opening browser</message>
  <nestedLevel>0</nestedLevel>
</record>
<record>
  <date>2020-01-16T15:05:30</date>
  <millis>1579167330043</millis>
  <sequence>9</sequence>
  <level>INFO</level>
  <class>com.kms.katalon.core.logging.KeywordLogger</class>
  <method>logMessage</method>
  <thread>1</thread>
  <message>Starting &amp;apos;Chrome&amp;apos; driver</message>
  <nestedLevel>0</nestedLevel>
</record>
<record>
  <date>2020-01-16T15:05:30</date>
  <millis>1579167330087</millis>
  <sequence>10</sequence>
  <level>INFO</level>
  <class>com.kms.katalon.core.logging.KeywordLogger</class>
  <method>logMessage</method>
  <thread>1</thread>
  <message>Action delay is set to 2 seconds</message>
  <nestedLevel>0</nestedLevel>
</record>
<record>
  <date>2020-01-16T15:05:37</date>
  <millis>1579167337191</millis>
  <sequence>12</sequence>
  <level>RUN_DATA</level>
  <class>com.kms.katalon.core.logging.KeywordLogger</class>
  <method>logMessage</method>
  <thread>1</thread>
  <message>Logging run data &amp;apos;sessionId&amp;apos; with value &amp;apos;4327725e3e9f3aad88cd917f42103734&amp;apos;</message>
  <nestedLevel>0</nestedLevel>
  <property name="sessionId">4327725e3e9f3aad88cd917f42103734</property>
</record>
<record>
  <date>2020-01-16T15:05:39</date>
  <millis>1579167339217</millis>
  <sequence>13</sequence>
  <level>RUN_DATA</level>
  <class>com.kms.katalon.core.logging.KeywordLogger</class>
  <method>logMessage</method>
  <thread>1</thread>
  <message>Logging run data &amp;apos;browser&amp;apos; with value &amp;apos;Chrome 79.0.3945.117&amp;apos;</message>
  <nestedLevel>0</nestedLevel>
  <property name="browser">Chrome 79.0.3945.117</property>
</record>
<record>
  <date>2020-01-16T15:05:39</date>
  <millis>1579167339218</millis>
  <sequence>14</sequence>
  <level>RUN_DATA</level>
  <class>com.kms.katalon.core.logging.KeywordLogger</class>
  <method>logMessage</method>
  <thread>1</thread>
  <message>Logging run data &amp;apos;platform&amp;apos; with value &amp;apos;Windows 10&amp;apos;</message>
  <nestedLevel>0</nestedLevel>
  <property name="platform">Windows 10</property>
</record>
<record>
  <date>2020-01-16T15:05:39</date>
  <millis>1579167339222</millis>
  <sequence>15</sequence>
  <level>RUN_DATA</level>
  <class>com.kms.katalon.core.logging.KeywordLogger</class>
  <method>logMessage</method>
  <thread>1</thread>
  <message>Logging run data &amp;apos;seleniumVersion&amp;apos; with value &amp;apos;3.7.1&amp;apos;</message>
  <nestedLevel>0</nestedLevel>
  <property name="seleniumVersion">3.7.1</property>
</record>
<record>
  <date>2020-01-16T15:05:39</date>
  <millis>1579167339223</millis>
  <sequence>16</sequence>
  <level>RUN_DATA</level>
  <class>com.kms.katalon.core.logging.KeywordLogger</class>
  <method>logMessage</method>
  <thread>1</thread>
  <message>Logging run data &amp;apos;proxyInformation&amp;apos; with value &amp;apos;ProxyInformation{proxyOption=NO_PROXY, proxyServerType=HTTP, password=, proxyServerAddress=, proxyServerPort=0}&amp;apos;</message>
  <nestedLevel>0</nestedLevel>
  <property name="proxyInformation">ProxyInformation{proxyOption=NO_PROXY, proxyServerType=HTTP, password=, proxyServerAddress=, proxyServerPort=0}</property>
</record>
<record>
  <date>2020-01-16T15:05:39</date>
  <millis>1579167339225</millis>
  <sequence>17</sequence>
  <level>PASSED</level>
  <class>com.kms.katalon.core.logging.KeywordLogger</class>
  <method>logMessage</method>
  <thread>1</thread>
  <message>Browser is opened with url: &amp;apos;&amp;apos;</message>
  <nestedLevel>0</nestedLevel>
</record>
<record>
  <date>2020-01-16T15:05:39</date>
  <millis>1579167339226</millis>
  <sequence>18</sequence>
  <level>END</level>
  <class>com.kms.katalon.core.logging.KeywordLogger</class>
  <method>endKeyword</method>
  <thread>1</thread>
  <message>End action : openBrowser</message>
  <nestedLevel>1</nestedLevel>
</record>
<record>
  <date>2020-01-16T15:05:39</date>
  <millis>1579167339227</millis>
  <sequence>19</sequence>
  <level>START</level>
  <class>com.kms.katalon.core.logging.KeywordLogger</class>
  <method>startKeyword</method>
  <thread>1</thread>
  <message>Start action : maximizeWindow</message>
  <nestedLevel>1</nestedLevel>
  <property name="startLine">39</property>
  <property name="stepIndex">2</property>
</record>
<record>
  <date>2020-01-16T15:05:39</date>
  <millis>1579167339254</millis>
  <sequence>20</sequence>
  <level>INFO</level>
  <class>com.kms.katalon.core.logging.KeywordLogger</class>
  <method>logMessage</method>
  <thread>1</thread>
  <message>Maximizing current window</message>
  <nestedLevel>0</nestedLevel>
</record>
<record>
  <date>2020-01-16T15:05:43</date>
  <millis>1579167343382</millis>
  <sequence>21</sequence>
  <level>PASSED</level>
  <class>com.kms.katalon.core.logging.KeywordLogger</class>
  <method>logMessage</method>
  <thread>1</thread>
  <message>Current window maximized</message>
  <nestedLevel>0</nestedLevel>
</record>
<record>
  <date>2020-01-16T15:05:43</date>
  <millis>1579167343383</millis>
  <sequence>22</sequence>
  <level>END</level>
  <class>com.kms.katalon.core.logging.KeywordLogger</class>
  <method>endKeyword</method>
  <thread>1</thread>
  <message>End action : maximizeWindow</message>
  <nestedLevel>1</nestedLevel>
</record>
<record>
  <date>2020-01-16T15:05:43</date>
  <millis>1579167343384</millis>
  <sequence>23</sequence>
  <level>START</level>
  <class>com.kms.katalon.core.logging.KeywordLogger</class>
  <method>startKeyword</method>
  <thread>1</thread>
  <message>Start action : Statement - println(testSuiteContext.getTestSuiteId())</message>
  <nestedLevel>1</nestedLevel>
  <property name="startLine">41</property>
  <property name="stepIndex">3</property>
</record>
<record>
  <date>2020-01-16T15:05:43</date>
  <millis>1579167343407</millis>
  <sequence>24</sequence>
  <level>INFO</level>
  <class>com.kms.katalon.core.logging.KeywordLogger</class>
  <method>logMessage</method>
  <thread>1</thread>
  <message>Invoke &amp;apos;com.kms.katalon.core.annotation.BeforeTestSuite&amp;apos; method: &amp;apos;NewTestListener.sampleBeforeTestSuite(...)&amp;apos; completed.</message>
  <nestedLevel>0</nestedLevel>
</record>
<record>
  <date>2020-01-16T15:05:43</date>
  <millis>1579167343409</millis>
  <sequence>25</sequence>
  <level>END</level>
  <class>com.kms.katalon.core.logging.KeywordLogger</class>
  <method>endKeyword</method>
  <thread>1</thread>
  <message>End action : Statement - println(testSuiteContext.getTestSuiteId())</message>
  <nestedLevel>1</nestedLevel>
</record>
<record>
  <date>2020-01-16T15:05:43</date>
  <millis>1579167343409</millis>
  <sequence>26</sequence>
  <level>END</level>
  <class>com.kms.katalon.core.logging.KeywordLogger</class>
  <method>endKeyword</method>
  <thread>1</thread>
  <message>End listener action : sampleBeforeTestSuite</message>
  <nestedLevel>0</nestedLevel>
</record>
<record>
  <date>2020-01-16T15:05:43</date>
  <millis>1579167343599</millis>
  <sequence>27</sequence>
  <level>START</level>
  <class>com.kms.katalon.core.logging.KeywordLogger</class>
  <method>startTest</method>
  <thread>1</thread>
  <message>Start Test Case : Test Cases/Common Test Cases/do_Login</message>
  <nestedLevel>1</nestedLevel>
  <property name="name">Test Cases/Common Test Cases/do_Login</property>
  <property name="description"></property>
  <property name="id">Test Cases/Common Test Cases/do_Login</property>
  <property name="source">C:\\Users\\paramatrix\\Desktop\\Automation KT session\\EPPMProject\\Test Cases\\Common Test Cases\\do_Login.tc</property>
  <property name="isOptional">false</property>
</record>
<record>
  <date>2020-01-16T15:05:43</date>
  <millis>1579167343621</millis>
  <sequence>28</sequence>
  <level>INFO</level>
  <class>com.kms.katalon.core.logging.KeywordLogger</class>
  <method>logMessage</method>
  <thread>1</thread>
  <message>Evaluating variables for test case</message>
  <nestedLevel>1</nestedLevel>
</record>
<record>
  <date>2020-01-16T15:05:43</date>
  <millis>1579167343624</millis>
  <sequence>29</sequence>
  <level>INFO</level>
  <class>com.kms.katalon.core.logging.KeywordLogger</class>
  <method>logMessage</method>
  <thread>1</thread>
  <message>Variable &amp;apos;username&amp;apos; is set to mayanks</message>
  <nestedLevel>1</nestedLevel>
</record>
<record>
  <date>2020-01-16T15:05:43</date>
  <millis>1579167343625</millis>
  <sequence>30</sequence>
  <level>INFO</level>
  <class>com.kms.katalon.core.logging.KeywordLogger</class>
  <method>logMessage</method>
  <thread>1</thread>
  <message>Variable &amp;apos;password&amp;apos; is set to Pass@123</message>
  <nestedLevel>1</nestedLevel>
</record>
<record>
  <date>2020-01-16T15:05:43</date>
  <millis>1579167343626</millis>
  <sequence>31</sequence>
  <level>START</level>
  <class>com.kms.katalon.core.logging.KeywordLogger</class>
  <method>startKeyword</method>
  <thread>1</thread>
  <message>Start listener action : sampleBeforeTestCase</message>
  <nestedLevel>1</nestedLevel>
</record>
<record>
  <date>2020-01-16T15:05:43</date>
  <millis>1579167343627</millis>
  <sequence>32</sequence>
  <level>INFO</level>
  <class>com.kms.katalon.core.logging.KeywordLogger</class>
  <method>logMessage</method>
  <thread>1</thread>
  <message>Starting invoke &amp;apos;com.kms.katalon.core.annotation.BeforeTestCase&amp;apos; method: &amp;apos;NewTestListener.sampleBeforeTestCase(...)&amp;apos;</message>
  <nestedLevel>1</nestedLevel>
</record>
<record>
  <date>2020-01-16T15:05:43</date>
  <millis>1579167343629</millis>
  <sequence>33</sequence>
  <level>START</level>
  <class>com.kms.katalon.core.logging.KeywordLogger</class>
  <method>startKeyword</method>
  <thread>1</thread>
  <message>Start action : Statement - println(testCaseContext.getTestCaseId())</message>
  <nestedLevel>1</nestedLevel>
  <property name="startLine">18</property>
  <property name="stepIndex">1</property>
</record>
<record>
  <date>2020-01-16T15:05:43</date>
  <millis>1579167343635</millis>
  <sequence>34</sequence>
  <level>END</level>
  <class>com.kms.katalon.core.logging.KeywordLogger</class>
  <method>endKeyword</method>
  <thread>1</thread>
  <message>End action : Statement - println(testCaseContext.getTestCaseId())</message>
  <nestedLevel>1</nestedLevel>
</record>
<record>
  <date>2020-01-16T15:05:43</date>
  <millis>1579167343636</millis>
  <sequence>35</sequence>
  <level>START</level>
  <class>com.kms.katalon.core.logging.KeywordLogger</class>
  <method>startKeyword</method>
  <thread>1</thread>
  <message>Start action : Statement - println(testCaseContext.getTestCaseVariables())</message>
  <nestedLevel>1</nestedLevel>
  <property name="startLine">19</property>
  <property name="stepIndex">2</property>
</record>
<record>
  <date>2020-01-16T15:05:43</date>
  <millis>1579167343638</millis>
  <sequence>36</sequence>
  <level>INFO</level>
  <class>com.kms.katalon.core.logging.KeywordLogger</class>
  <method>logMessage</method>
  <thread>1</thread>
  <message>Invoke &amp;apos;com.kms.katalon.core.annotation.BeforeTestCase&amp;apos; method: &amp;apos;NewTestListener.sampleBeforeTestCase(...)&amp;apos; completed.</message>
  <nestedLevel>1</nestedLevel>
</record>
<record>
  <date>2020-01-16T15:05:43</date>
  <millis>1579167343639</millis>
  <sequence>37</sequence>
  <level>END</level>
  <class>com.kms.katalon.core.logging.KeywordLogger</class>
  <method>endKeyword</method>
  <thread>1</thread>
  <message>End action : Statement - println(testCaseContext.getTestCaseVariables())</message>
  <nestedLevel>1</nestedLevel>
</record>
<record>
  <date>2020-01-16T15:05:43</date>
  <millis>1579167343639</millis>
  <sequence>38</sequence>
  <level>END</level>
  <class>com.kms.katalon.core.logging.KeywordLogger</class>
  <method>endKeyword</method>
  <thread>1</thread>
  <message>End listener action : sampleBeforeTestCase</message>
  <nestedLevel>1</nestedLevel>
</record>
<record>
  <date>2020-01-16T15:05:43</date>
  <millis>1579167343897</millis>
  <sequence>39</sequence>
  <level>START</level>
  <class>com.kms.katalon.core.logging.KeywordLogger</class>
  <method>startKeyword</method>
  <thread>1</thread>
  <message>Start action : navigateToUrl</message>
  <nestedLevel>1</nestedLevel>
  <property name="startLine">17</property>
  <property name="stepIndex">1</property>
</record>
<record>
  <date>2020-01-16T15:05:43</date>
  <millis>1579167343930</millis>
  <sequence>40</sequence>
  <level>INFO</level>
  <class>com.kms.katalon.core.logging.KeywordLogger</class>
  <method>logMessage</method>
  <thread>1</thread>
  <message>Checking url</message>
  <nestedLevel>1</nestedLevel>
</record>
<record>
  <date>2020-01-16T15:05:43</date>
  <millis>1579167343932</millis>
  <sequence>41</sequence>
  <level>INFO</level>
  <class>com.kms.katalon.core.logging.KeywordLogger</class>
  <method>logMessage</method>
  <thread>1</thread>
  <message>Navigating to &amp;apos;https://staging.eppmagic.com/&amp;apos;</message>
  <nestedLevel>1</nestedLevel>
</record>
<record>
  <date>2020-01-16T15:05:50</date>
  <millis>1579167350944</millis>
  <sequence>42</sequence>
  <level>PASSED</level>
  <class>com.kms.katalon.core.logging.KeywordLogger</class>
  <method>logMessage</method>
  <thread>1</thread>
  <message>Navigate to &amp;apos;https://staging.eppmagic.com/&amp;apos; successfully</message>
  <nestedLevel>1</nestedLevel>
</record>
<record>
  <date>2020-01-16T15:05:50</date>
  <millis>1579167350946</millis>
  <sequence>43</sequence>
  <level>END</level>
  <class>com.kms.katalon.core.logging.KeywordLogger</class>
  <method>endKeyword</method>
  <thread>1</thread>
  <message>End action : navigateToUrl</message>
  <nestedLevel>1</nestedLevel>
</record>
<record>
  <date>2020-01-16T15:05:50</date>
  <millis>1579167350947</millis>
  <sequence>44</sequence>
  <level>START</level>
  <class>com.kms.katalon.core.logging.KeywordLogger</class>
  <method>startKeyword</method>
  <thread>1</thread>
  <message>Start action : com.eppm.keywords.TestBase.sendkeyElement</message>
  <nestedLevel>1</nestedLevel>
  <property name="startLine">20</property>
  <property name="stepIndex">2</property>
  <property name="description">input username</property>
</record>
<record>
  <date>2020-01-16T15:05:50</date>
  <millis>1579167350961</millis>
  <sequence>45</sequence>
  <level>INFO</level>
  <class>com.kms.katalon.core.logging.KeywordLogger</class>
  <method>logMessage</method>
  <thread>1</thread>
  <message>Finding Test Object with id &amp;apos;Object Repository/Login Page/input_ Log In _username&amp;apos;</message>
  <nestedLevel>1</nestedLevel>
</record>
<record>
  <date>2020-01-16T15:05:51</date>
  <millis>1579167351010</millis>
  <sequence>46</sequence>
  <level>INFO</level>
  <class>com.kms.katalon.core.logging.KeywordLogger</class>
  <method>logMessage</method>
  <thread>1</thread>
  <message>Checking timeout</message>
  <nestedLevel>1</nestedLevel>
</record>
<record>
  <date>2020-01-16T15:05:51</date>
  <millis>1579167351025</millis>
  <sequence>47</sequence>
  <level>INFO</level>
  <class>com.kms.katalon.core.logging.KeywordLogger</class>
  <method>logMessage</method>
  <thread>1</thread>
  <message>Finding web element with id: &amp;apos;Object Repository/Login Page/input_ Log In _username&amp;apos; located by &amp;apos;By.xpath: //*[@name=&amp;apos;username&amp;apos;]&amp;apos; in &amp;apos;10&amp;apos; second(s)</message>
  <nestedLevel>1</nestedLevel>
</record>
<record>
  <date>2020-01-16T15:05:53</date>
  <millis>1579167353056</millis>
  <sequence>48</sequence>
  <level>INFO</level>
  <class>com.kms.katalon.core.logging.KeywordLogger</class>
  <method>logMessage</method>
  <thread>1</thread>
  <message>Found 1 web elements with id: &amp;apos;Object Repository/Login Page/input_ Log In _username&amp;apos; located by &amp;apos;By.xpath: //*[@name=&amp;apos;username&amp;apos;]&amp;apos; in &amp;apos;10&amp;apos; second(s)</message>
  <nestedLevel>1</nestedLevel>
</record>
<record>
  <date>2020-01-16T15:05:55</date>
  <millis>1579167355105</millis>
  <sequence>49</sequence>
  <level>PASSED</level>
  <class>com.kms.katalon.core.logging.KeywordLogger</class>
  <method>logMessage</method>
  <thread>1</thread>
  <message>Element has been cleared</message>
  <nestedLevel>1</nestedLevel>
</record>
<record>
  <date>2020-01-16T15:05:57</date>
  <millis>1579167357217</millis>
  <sequence>50</sequence>
  <level>PASSED</level>
  <class>com.kms.katalon.core.logging.KeywordLogger</class>
  <method>logMessage</method>
  <thread>1</thread>
  <message>Sendkey value has been send</message>
  <nestedLevel>1</nestedLevel>
</record>
<record>
  <date>2020-01-16T15:05:57</date>
  <millis>1579167357218</millis>
  <sequence>51</sequence>
  <level>END</level>
  <class>com.kms.katalon.core.logging.KeywordLogger</class>
  <method>endKeyword</method>
  <thread>1</thread>
  <message>End action : com.eppm.keywords.TestBase.sendkeyElement</message>
  <nestedLevel>1</nestedLevel>
</record>
<record>
  <date>2020-01-16T15:05:57</date>
  <millis>1579167357218</millis>
  <sequence>52</sequence>
  <level>START</level>
  <class>com.kms.katalon.core.logging.KeywordLogger</class>
  <method>startKeyword</method>
  <thread>1</thread>
  <message>Start action : com.eppm.keywords.TestBase.sendkeyElement</message>
  <nestedLevel>1</nestedLevel>
  <property name="startLine">24</property>
  <property name="stepIndex">3</property>
  <property name="description">input password</property>
</record>
<record>
  <date>2020-01-16T15:05:57</date>
  <millis>1579167357221</millis>
  <sequence>53</sequence>
  <level>INFO</level>
  <class>com.kms.katalon.core.logging.KeywordLogger</class>
  <method>logMessage</method>
  <thread>1</thread>
  <message>Finding Test Object with id &amp;apos;Object Repository/Login Page/input_ Log In _password&amp;apos;</message>
  <nestedLevel>1</nestedLevel>
</record>
<record>
  <date>2020-01-16T15:05:57</date>
  <millis>1579167357229</millis>
  <sequence>54</sequence>
  <level>INFO</level>
  <class>com.kms.katalon.core.logging.KeywordLogger</class>
  <method>logMessage</method>
  <thread>1</thread>
  <message>Checking timeout</message>
  <nestedLevel>1</nestedLevel>
</record>
<record>
  <date>2020-01-16T15:05:57</date>
  <millis>1579167357229</millis>
  <sequence>55</sequence>
  <level>INFO</level>
  <class>com.kms.katalon.core.logging.KeywordLogger</class>
  <method>logMessage</method>
  <thread>1</thread>
  <message>Finding web element with id: &amp;apos;Object Repository/Login Page/input_ Log In _password&amp;apos; located by &amp;apos;By.xpath: //*[@name=&amp;apos;password&amp;apos;]&amp;apos; in &amp;apos;10&amp;apos; second(s)</message>
  <nestedLevel>1</nestedLevel>
</record>
<record>
  <date>2020-01-16T15:05:59</date>
  <millis>1579167359266</millis>
  <sequence>56</sequence>
  <level>INFO</level>
  <class>com.kms.katalon.core.logging.KeywordLogger</class>
  <method>logMessage</method>
  <thread>1</thread>
  <message>Found 1 web elements with id: &amp;apos;Object Repository/Login Page/input_ Log In _password&amp;apos; located by &amp;apos;By.xpath: //*[@name=&amp;apos;password&amp;apos;]&amp;apos; in &amp;apos;10&amp;apos; second(s)</message>
  <nestedLevel>1</nestedLevel>
</record>
<record>
  <date>2020-01-16T15:06:01</date>
  <millis>1579167361314</millis>
  <sequence>57</sequence>
  <level>PASSED</level>
  <class>com.kms.katalon.core.logging.KeywordLogger</class>
  <method>logMessage</method>
  <thread>1</thread>
  <message>Element has been cleared</message>
  <nestedLevel>1</nestedLevel>
</record>
<record>
  <date>2020-01-16T15:06:03</date>
  <millis>1579167363429</millis>
  <sequence>58</sequence>
  <level>PASSED</level>
  <class>com.kms.katalon.core.logging.KeywordLogger</class>
  <method>logMessage</method>
  <thread>1</thread>
  <message>Sendkey value has been send</message>
  <nestedLevel>1</nestedLevel>
</record>
<record>
  <date>2020-01-16T15:06:03</date>
  <millis>1579167363430</millis>
  <sequence>59</sequence>
  <level>END</level>
  <class>com.kms.katalon.core.logging.KeywordLogger</class>
  <method>endKeyword</method>
  <thread>1</thread>
  <message>End action : com.eppm.keywords.TestBase.sendkeyElement</message>
  <nestedLevel>1</nestedLevel>
</record>
<record>
  <date>2020-01-16T15:06:03</date>
  <millis>1579167363430</millis>
  <sequence>60</sequence>
  <level>START</level>
  <class>com.kms.katalon.core.logging.KeywordLogger</class>
  <method>startKeyword</method>
  <thread>1</thread>
  <message>Start action : com.eppm.keywords.TestBase.clickElement</message>
  <nestedLevel>1</nestedLevel>
  <property name="startLine">28</property>
  <property name="stepIndex">4</property>
  <property name="description">click on login button</property>
</record>
<record>
  <date>2020-01-16T15:06:03</date>
  <millis>1579167363432</millis>
  <sequence>61</sequence>
  <level>INFO</level>
  <class>com.kms.katalon.core.logging.KeywordLogger</class>
  <method>logMessage</method>
  <thread>1</thread>
  <message>Finding Test Object with id &amp;apos;Object Repository/Login Page/button_Login&amp;apos;</message>
  <nestedLevel>1</nestedLevel>
</record>
<record>
  <date>2020-01-16T15:06:03</date>
  <millis>1579167363438</millis>
  <sequence>62</sequence>
  <level>INFO</level>
  <class>com.kms.katalon.core.logging.KeywordLogger</class>
  <method>logMessage</method>
  <thread>1</thread>
  <message>Checking timeout</message>
  <nestedLevel>1</nestedLevel>
</record>
<record>
  <date>2020-01-16T15:06:03</date>
  <millis>1579167363439</millis>
  <sequence>63</sequence>
  <level>INFO</level>
  <class>com.kms.katalon.core.logging.KeywordLogger</class>
  <method>logMessage</method>
  <thread>1</thread>
  <message>Finding web element with id: &amp;apos;Object Repository/Login Page/button_Login&amp;apos; located by &amp;apos;By.xpath: //*[@value=&amp;apos;Login&amp;apos;]&amp;apos; in &amp;apos;10&amp;apos; second(s)</message>
  <nestedLevel>1</nestedLevel>
</record>
<record>
  <date>2020-01-16T15:06:05</date>
  <millis>1579167365480</millis>
  <sequence>64</sequence>
  <level>INFO</level>
  <class>com.kms.katalon.core.logging.KeywordLogger</class>
  <method>logMessage</method>
  <thread>1</thread>
  <message>Found 1 web elements with id: &amp;apos;Object Repository/Login Page/button_Login&amp;apos; located by &amp;apos;By.xpath: //*[@value=&amp;apos;Login&amp;apos;]&amp;apos; in &amp;apos;10&amp;apos; second(s)</message>
  <nestedLevel>1</nestedLevel>
</record>
<record>
  <date>2020-01-16T15:06:05</date>
  <millis>1579167365483</millis>
  <sequence>65</sequence>
  <level>INFO</level>
  <class>com.kms.katalon.core.logging.KeywordLogger</class>
  <method>logMessage</method>
  <thread>1</thread>
  <message>Clicking element</message>
  <nestedLevel>1</nestedLevel>
</record>
<record>
  <date>2020-01-16T15:06:07</date>
  <millis>1579167367592</millis>
  <sequence>66</sequence>
  <level>PASSED</level>
  <class>com.kms.katalon.core.logging.KeywordLogger</class>
  <method>logMessage</method>
  <thread>1</thread>
  <message>Element has been clicked</message>
  <nestedLevel>1</nestedLevel>
</record>
<record>
  <date>2020-01-16T15:06:07</date>
  <millis>1579167367593</millis>
  <sequence>67</sequence>
  <level>END</level>
  <class>com.kms.katalon.core.logging.KeywordLogger</class>
  <method>endKeyword</method>
  <thread>1</thread>
  <message>End action : com.eppm.keywords.TestBase.clickElement</message>
  <nestedLevel>1</nestedLevel>
</record>
<record>
  <date>2020-01-16T15:06:07</date>
  <millis>1579167367594</millis>
  <sequence>68</sequence>
  <level>PASSED</level>
  <class>com.kms.katalon.core.logging.KeywordLogger</class>
  <method>logMessage</method>
  <thread>1</thread>
  <message>Test Cases/Common Test Cases/do_Login</message>
  <nestedLevel>1</nestedLevel>
</record>
<record>
  <date>2020-01-16T15:06:07</date>
  <millis>1579167367595</millis>
  <sequence>69</sequence>
  <level>START</level>
  <class>com.kms.katalon.core.logging.KeywordLogger</class>
  <method>startKeyword</method>
  <thread>1</thread>
  <message>Start listener action : sampleAfterTestCase</message>
  <nestedLevel>1</nestedLevel>
</record>
<record>
  <date>2020-01-16T15:06:07</date>
  <millis>1579167367595</millis>
  <sequence>70</sequence>
  <level>INFO</level>
  <class>com.kms.katalon.core.logging.KeywordLogger</class>
  <method>logMessage</method>
  <thread>1</thread>
  <message>Starting invoke &amp;apos;com.kms.katalon.core.annotation.AfterTestCase&amp;apos; method: &amp;apos;NewTestListener.sampleAfterTestCase(...)&amp;apos;</message>
  <nestedLevel>1</nestedLevel>
</record>
<record>
  <date>2020-01-16T15:06:07</date>
  <millis>1579167367596</millis>
  <sequence>71</sequence>
  <level>START</level>
  <class>com.kms.katalon.core.logging.KeywordLogger</class>
  <method>startKeyword</method>
  <thread>1</thread>
  <message>Start action : Statement - println(testCaseContext.getTestCaseId())</message>
  <nestedLevel>1</nestedLevel>
  <property name="startLine">28</property>
  <property name="stepIndex">1</property>
</record>
<record>
  <date>2020-01-16T15:06:07</date>
  <millis>1579167367597</millis>
  <sequence>72</sequence>
  <level>END</level>
  <class>com.kms.katalon.core.logging.KeywordLogger</class>
  <method>endKeyword</method>
  <thread>1</thread>
  <message>End action : Statement - println(testCaseContext.getTestCaseId())</message>
  <nestedLevel>1</nestedLevel>
</record>
<record>
  <date>2020-01-16T15:06:07</date>
  <millis>1579167367598</millis>
  <sequence>73</sequence>
  <level>START</level>
  <class>com.kms.katalon.core.logging.KeywordLogger</class>
  <method>startKeyword</method>
  <thread>1</thread>
  <message>Start action : Statement - println(testCaseContext.getTestCaseStatus())</message>
  <nestedLevel>1</nestedLevel>
  <property name="startLine">29</property>
  <property name="stepIndex">2</property>
</record>
<record>
  <date>2020-01-16T15:06:07</date>
  <millis>1579167367599</millis>
  <sequence>74</sequence>
  <level>INFO</level>
  <class>com.kms.katalon.core.logging.KeywordLogger</class>
  <method>logMessage</method>
  <thread>1</thread>
  <message>Invoke &amp;apos;com.kms.katalon.core.annotation.AfterTestCase&amp;apos; method: &amp;apos;NewTestListener.sampleAfterTestCase(...)&amp;apos; completed.</message>
  <nestedLevel>1</nestedLevel>
</record>
<record>
  <date>2020-01-16T15:06:07</date>
  <millis>1579167367600</millis>
  <sequence>75</sequence>
  <level>END</level>
  <class>com.kms.katalon.core.logging.KeywordLogger</class>
  <method>endKeyword</method>
  <thread>1</thread>
  <message>End action : Statement - println(testCaseContext.getTestCaseStatus())</message>
  <nestedLevel>1</nestedLevel>
</record>
<record>
  <date>2020-01-16T15:06:07</date>
  <millis>1579167367601</millis>
  <sequence>76</sequence>
  <level>END</level>
  <class>com.kms.katalon.core.logging.KeywordLogger</class>
  <method>endKeyword</method>
  <thread>1</thread>
  <message>End listener action : sampleAfterTestCase</message>
  <nestedLevel>1</nestedLevel>
</record>
<record>
  <date>2020-01-16T15:06:07</date>
  <millis>1579167367601</millis>
  <sequence>77</sequence>
  <level>END</level>
  <class>com.kms.katalon.core.logging.KeywordLogger</class>
  <method>endTest</method>
  <thread>1</thread>
  <message>End Test Case : Test Cases/Common Test Cases/do_Login</message>
  <nestedLevel>0</nestedLevel>
</record>
<record>
  <date>2020-01-16T15:06:07</date>
  <millis>1579167367607</millis>
  <sequence>78</sequence>
  <level>START</level>
  <class>com.kms.katalon.core.logging.KeywordLogger</class>
  <method>startTest</method>
  <thread>1</thread>
  <message>Start Test Case : Test Cases/Masters/EPPM Configurations/Manage Endeavour Booking Masters/01_Cost_Operation_Centres/CRUD_Operation_Cost Centres/TC_01_Create Cost Centres</message>
  <nestedLevel>1</nestedLevel>
  <property name="name">Test Cases/Masters/EPPM Configurations/Manage Endeavour Booking Masters/01_Cost_Operation_Centres/CRUD_Operation_Cost Centres/TC_01_Create Cost Centres</property>
  <property name="description"></property>
  <property name="id">Test Cases/Masters/EPPM Configurations/Manage Endeavour Booking Masters/01_Cost_Operation_Centres/CRUD_Operation_Cost Centres/TC_01_Create Cost Centres</property>
  <property name="source">C:\\Users\\paramatrix\\Desktop\\Automation KT session\\EPPMProject\\Test Cases\\Masters\\EPPM Configurations\\Manage Endeavour Booking Masters\\01_Cost_Operation_Centres\\CRUD_Operation_Cost Centres\\TC_01_Create Cost Centres.tc</property>
  <property name="isOptional">false</property>
</record>
<record>
  <date>2020-01-16T15:06:07</date>
  <millis>1579167367626</millis>
  <sequence>79</sequence>
  <level>INFO</level>
  <class>com.kms.katalon.core.logging.KeywordLogger</class>
  <method>logMessage</method>
  <thread>1</thread>
  <message>Evaluating variables for test case</message>
  <nestedLevel>1</nestedLevel>
</record>
<record>
  <date>2020-01-16T15:06:07</date>
  <millis>1579167367627</millis>
  <sequence>80</sequence>
  <level>INFO</level>
  <class>com.kms.katalon.core.logging.KeywordLogger</class>
  <method>logMessage</method>
  <thread>1</thread>
  <message>Variable &amp;apos;Name_Create_Cost_Centre&amp;apos; is set to Automatinon Cost Centre</message>
  <nestedLevel>1</nestedLevel>
</record>
<record>
  <date>2020-01-16T15:06:07</date>
  <millis>1579167367630</millis>
  <sequence>81</sequence>
  <level>START</level>
  <class>com.kms.katalon.core.logging.KeywordLogger</class>
  <method>startKeyword</method>
  <thread>1</thread>
  <message>Start listener action : sampleBeforeTestCase</message>
  <nestedLevel>1</nestedLevel>
</record>
<record>
  <date>2020-01-16T15:06:07</date>
  <millis>1579167367631</millis>
  <sequence>82</sequence>
  <level>INFO</level>
  <class>com.kms.katalon.core.logging.KeywordLogger</class>
  <method>logMessage</method>
  <thread>1</thread>
  <message>Starting invoke &amp;apos;com.kms.katalon.core.annotation.BeforeTestCase&amp;apos; method: &amp;apos;NewTestListener.sampleBeforeTestCase(...)&amp;apos;</message>
  <nestedLevel>1</nestedLevel>
</record>
<record>
  <date>2020-01-16T15:06:07</date>
  <millis>1579167367632</millis>
  <sequence>83</sequence>
  <level>START</level>
  <class>com.kms.katalon.core.logging.KeywordLogger</class>
  <method>startKeyword</method>
  <thread>1</thread>
  <message>Start action : Statement - println(testCaseContext.getTestCaseId())</message>
  <nestedLevel>1</nestedLevel>
  <property name="startLine">18</property>
  <property name="stepIndex">1</property>
</record>
<record>
  <date>2020-01-16T15:06:07</date>
  <millis>1579167367633</millis>
  <sequence>84</sequence>
  <level>END</level>
  <class>com.kms.katalon.core.logging.KeywordLogger</class>
  <method>endKeyword</method>
  <thread>1</thread>
  <message>End action : Statement - println(testCaseContext.getTestCaseId())</message>
  <nestedLevel>1</nestedLevel>
</record>
<record>
  <date>2020-01-16T15:06:07</date>
  <millis>1579167367634</millis>
  <sequence>85</sequence>
  <level>START</level>
  <class>com.kms.katalon.core.logging.KeywordLogger</class>
  <method>startKeyword</method>
  <thread>1</thread>
  <message>Start action : Statement - println(testCaseContext.getTestCaseVariables())</message>
  <nestedLevel>1</nestedLevel>
  <property name="startLine">19</property>
  <property name="stepIndex">2</property>
</record>
<record>
  <date>2020-01-16T15:06:07</date>
  <millis>1579167367635</millis>
  <sequence>86</sequence>
  <level>INFO</level>
  <class>com.kms.katalon.core.logging.KeywordLogger</class>
  <method>logMessage</method>
  <thread>1</thread>
  <message>Invoke &amp;apos;com.kms.katalon.core.annotation.BeforeTestCase&amp;apos; method: &amp;apos;NewTestListener.sampleBeforeTestCase(...)&amp;apos; completed.</message>
  <nestedLevel>1</nestedLevel>
</record>
<record>
  <date>2020-01-16T15:06:07</date>
  <millis>1579167367635</millis>
  <sequence>87</sequence>
  <level>END</level>
  <class>com.kms.katalon.core.logging.KeywordLogger</class>
  <method>endKeyword</method>
  <thread>1</thread>
  <message>End action : Statement - println(testCaseContext.getTestCaseVariables())</message>
  <nestedLevel>1</nestedLevel>
</record>
<record>
  <date>2020-01-16T15:06:07</date>
  <millis>1579167367636</millis>
  <sequence>88</sequence>
  <level>END</level>
  <class>com.kms.katalon.core.logging.KeywordLogger</class>
  <method>endKeyword</method>
  <thread>1</thread>
  <message>End listener action : sampleBeforeTestCase</message>
  <nestedLevel>1</nestedLevel>
</record>
<record>
  <date>2020-01-16T15:06:08</date>
  <millis>1579167368031</millis>
  <sequence>89</sequence>
  <level>START</level>
  <class>com.kms.katalon.core.logging.KeywordLogger</class>
  <method>startKeyword</method>
  <thread>1</thread>
  <message>Start action : com.eppm.keywords.TestBase.clickElement</message>
  <nestedLevel>1</nestedLevel>
  <property name="startLine">18</property>
  <property name="stepIndex">1</property>
  <property name="description">click on EPPM Configurations menu</property>
</record>
<record>
  <date>2020-01-16T15:06:08</date>
  <millis>1579167368032</millis>
  <sequence>90</sequence>
  <level>INFO</level>
  <class>com.kms.katalon.core.logging.KeywordLogger</class>
  <method>logMessage</method>
  <thread>1</thread>
  <message>Finding Test Object with id &amp;apos;Object Repository/Menu/Menu_EPPM Configurations/menu_EPPM Configurations&amp;apos;</message>
  <nestedLevel>1</nestedLevel>
</record>
<record>
  <date>2020-01-16T15:06:08</date>
  <millis>1579167368037</millis>
  <sequence>91</sequence>
  <level>INFO</level>
  <class>com.kms.katalon.core.logging.KeywordLogger</class>
  <method>logMessage</method>
  <thread>1</thread>
  <message>Checking timeout</message>
  <nestedLevel>1</nestedLevel>
</record>
<record>
  <date>2020-01-16T15:06:08</date>
  <millis>1579167368038</millis>
  <sequence>92</sequence>
  <level>INFO</level>
  <class>com.kms.katalon.core.logging.KeywordLogger</class>
  <method>logMessage</method>
  <thread>1</thread>
  <message>Finding web element with id: &amp;apos;Object Repository/Menu/Menu_EPPM Configurations/menu_EPPM Configurations&amp;apos; located by &amp;apos;By.xpath: //ul/li/a[contains(text(),&amp;apos;EPPM Configurations&amp;apos;)]&amp;apos; in &amp;apos;10&amp;apos; second(s)</message>
  <nestedLevel>1</nestedLevel>
</record>
<record>
  <date>2020-01-16T15:06:18</date>
  <millis>1579167378145</millis>
  <sequence>93</sequence>
  <level>INFO</level>
  <class>com.kms.katalon.core.logging.KeywordLogger</class>
  <method>logMessage</method>
  <thread>1</thread>
  <message>Unable to find the element located by &amp;apos;By.xpath: //ul/li/a[contains(text(),&amp;apos;EPPM Configurations&amp;apos;)]&amp;apos;. Please recheck the objects properties to make sure the desired element is located. </message>
  <nestedLevel>1</nestedLevel>
</record>
<record>
  <date>2020-01-16T15:06:20</date>
  <millis>1579167380172</millis>
  <sequence>94</sequence>
  <level>INFO</level>
  <class>com.kms.katalon.core.logging.KeywordLogger</class>
  <method>logMessage</method>
  <thread>1</thread>
  <message>Begin finding web elements by trial and error method</message>
  <nestedLevel>1</nestedLevel>
</record>
<record>
  <date>2020-01-16T15:06:20</date>
  <millis>1579167380176</millis>
  <sequence>95</sequence>
  <level>INFO</level>
  <class>com.kms.katalon.core.logging.KeywordLogger</class>
  <method>logMessage</method>
  <thread>1</thread>
  <message>Web element found by trial and error method is not used because we can&amp;apos;t guarantee it reflects the intended element. See detailed troubleshooting guide for common issues: https://docs.katalon.com/x/awXR</message>
  <nestedLevel>1</nestedLevel>
</record>
<record>
  <date>2020-01-16T15:06:20</date>
  <millis>1579167380221</millis>
  <sequence>96</sequence>
  <level>FAILED</level>
  <class>com.kms.katalon.core.logging.KeywordLogger</class>
  <method>logMessage</method>
  <thread>1</thread>
  <message>java.lang.AssertionError: Web element with id: &amp;apos;Object Repository/Menu/Menu_EPPM Configurations/menu_EPPM Configurations&amp;apos; located by &amp;apos;By.xpath: //ul/li/a[contains(text(),&amp;apos;EPPM Configurations&amp;apos;)]&amp;apos; not found</message>
  <nestedLevel>1</nestedLevel>
</record>
<record>
  <date>2020-01-16T15:06:20</date>
  <millis>1579167380222</millis>
  <sequence>97</sequence>
  <level>END</level>
  <class>com.kms.katalon.core.logging.KeywordLogger</class>
  <method>endKeyword</method>
  <thread>1</thread>
  <message>End action : com.eppm.keywords.TestBase.clickElement</message>
  <nestedLevel>1</nestedLevel>
</record>
<record>
  <date>2020-01-16T15:06:20</date>
  <millis>1579167380225</millis>
  <sequence>98</sequence>
  <logger>com.kms.katalon.core.logging.KeywordLogger</logger>
  <level>ERROR</level>
  <class>com.kms.katalon.core.logging.KeywordLogger</class>
  <method>logMessage</method>
  <thread>1</thread>
  <message>Test Cases/Masters/EPPM Configurations/Manage Endeavour Booking Masters/01_Cost_Operation_Centres/CRUD_Operation_Cost Centres/TC_01_Create Cost Centres FAILED because (of) (Stack trace: org.codehaus.groovy.runtime.InvokerInvocationException: java.lang.AssertionError: Web element with id: &amp;apos;Object Repository/Menu/Menu_EPPM Configurations/menu_EPPM Configurations&amp;apos; located by &amp;apos;By.xpath: //ul/li/a[contains(text(),&amp;apos;EPPM Configurations&amp;apos;)]&amp;apos; not found\r\n\tat org.codehaus.groovy.reflection.CachedMethod.invoke(CachedMethod.java:100)\r\n\tat groovy.lang.MetaMethod.doMethodInvoke(MetaMethod.java:325)\r\n\tat groovy.lang.MetaClassImpl.invokeMethod(MetaClassImpl.java:1215)\r\n\tat groovy.lang.MetaClassImpl.invokeMethod(MetaClassImpl.java:1024)\r\n\tat groovy.lang.MetaClassImpl.invokeMethod(MetaClassImpl.java:812)\r\n\tat groovy.lang.DelegatingMetaClass.invokeMethod(DelegatingMetaClass.java:144)\r\n\tat com.eppm.keywords.TestBase.invokeMethod(TestBase.groovy)\r\n\tat com.kms.katalon.core.main.CustomKeywordDelegatingMetaClass.invokeStaticMethod(CustomKeywordDelegatingMetaClass.java:46)\r\n\tat org.codehaus.groovy.runtime.callsite.StaticMetaClassSite.call(StaticMetaClassSite.java:53)\r\n\tat org.codehaus.groovy.runtime.callsite.CallSiteArray.defaultCall(CallSiteArray.java:48)\r\n\tat org.codehaus.groovy.runtime.callsite.AbstractCallSite.call(AbstractCallSite.java:113)\r\n\tat org.codehaus.groovy.runtime.callsite.AbstractCallSite.call(AbstractCallSite.java:125)\r\n\tat Script1579069240707.run(Script1579069240707.groovy:18)\r\n\tat com.kms.katalon.core.main.ScriptEngine.run(ScriptEngine.java:183)\r\n\tat com.kms.katalon.core.main.ScriptEngine.runScriptAsRawText(ScriptEngine.java:108)\r\n\tat com.kms.katalon.core.main.TestCaseExecutor.runScript(TestCaseExecutor.java:294)\r\n\tat com.kms.katalon.core.main.TestCaseExecutor.doExecute(TestCaseExecutor.java:285)\r\n\tat com.kms.katalon.core.main.TestCaseExecutor.processExecutionPhase(TestCaseExecutor.java:264)\r\n\tat com.kms.katalon.core.main.TestCaseExecutor.accessMainPhase(TestCaseExecutor.java:256)\r\n\tat com.kms.katalon.core.main.TestCaseExecutor.execute(TestCaseExecutor.java:200)\r\n\tat com.kms.katalon.core.main.TestSuiteExecutor.accessTestCaseMainPhase(TestSuiteExecutor.java:129)\r\n\tat com.kms.katalon.core.main.TestSuiteExecutor.accessTestSuiteMainPhase(TestSuiteExecutor.java:112)\r\n\tat com.kms.katalon.core.main.TestSuiteExecutor.execute(TestSuiteExecutor.java:81)\r\n\tat com.kms.katalon.core.main.TestCaseMain.startTestSuite(TestCaseMain.java:142)\r\n\tat com.kms.katalon.core.main.TestCaseMain$startTestSuite$0.call(Unknown Source)\r\n\tat org.codehaus.groovy.runtime.callsite.CallSiteArray.defaultCall(CallSiteArray.java:48)\r\n\tat org.codehaus.groovy.runtime.callsite.AbstractCallSite.call(AbstractCallSite.java:113)\r\n\tat org.codehaus.groovy.runtime.callsite.AbstractCallSite.call(AbstractCallSite.java:141)\r\n\tat TempTestSuite1579167326417.run(TempTestSuite1579167326417.groovy:36)\r\n\tat groovy.lang.GroovyShell.runScriptOrMainOrTestOrRunnable(GroovyShell.java:263)\r\n\tat groovy.lang.GroovyShell.run(GroovyShell.java:518)\r\n\tat groovy.lang.GroovyShell.run(GroovyShell.java:507)\r\n\tat groovy.ui.GroovyMain.processOnce(GroovyMain.java:653)\r\n\tat groovy.ui.GroovyMain.run(GroovyMain.java:384)\r\n\tat groovy.ui.GroovyMain.process(GroovyMain.java:370)\r\n\tat groovy.ui.GroovyMain.processArgs(GroovyMain.java:129)\r\n\tat groovy.ui.GroovyMain.main(GroovyMain.java:109)\r\n\tat sun.reflect.NativeMethodAccessorImpl.invoke0(Native Method)\r\n\tat sun.reflect.NativeMethodAccessorImpl.invoke(NativeMethodAccessorImpl.java:62)\r\n\tat sun.reflect.DelegatingMethodAccessorImpl.invoke(DelegatingMethodAccessorImpl.java:43)\r\n\tat java.lang.reflect.Method.invoke(Method.java:498)\r\n\tat org.codehaus.groovy.tools.GroovyStarter.rootLoader(GroovyStarter.java:109)\r\n\tat org.codehaus.groovy.tools.GroovyStarter.main(GroovyStarter.java:131)\r\nCaused by: java.lang.AssertionError: Web element with id: &amp;apos;Object Repository/Menu/Menu_EPPM Configurations/menu_EPPM Configurations&amp;apos; located by &amp;apos;By.xpath: //ul/li/a[contains(text(),&amp;apos;EPPM Configurations&amp;apos;)]&amp;apos; not found\r\n\tat org.testng.Assert.fail(Assert.java:93)\r\n\tat org.testng.Assert$fail.call(Unknown Source)\r\n\tat org.codehaus.groovy.runtime.callsite.CallSiteArray.defaultCall(CallSiteArray.java:48)\r\n\tat org.codehaus.groovy.runtime.callsite.AbstractCallSite.call(AbstractCallSite.java:113)\r\n\tat org.codehaus.groovy.runtime.callsite.AbstractCallSite.call(AbstractCallSite.java:125)\r\n\tat com.eppm.keywords.TestBase.clickElement(TestBase.groovy:48)\r\n\tat sun.reflect.NativeMethodAccessorImpl.invoke0(Native Method)\r\n\tat sun.reflect.NativeMethodAccessorImpl.invoke(NativeMethodAccessorImpl.java:62)\r\n\tat sun.reflect.DelegatingMethodAccessorImpl.invoke(DelegatingMethodAccessorImpl.java:43)\r\n\tat java.lang.reflect.Method.invoke(Method.java:498)\r\n\tat org.codehaus.groovy.reflection.CachedMethod.invoke(CachedMethod.java:93)\r\n\t... 42 more\r\n (caused by: (Stack trace: java.lang.AssertionError: Web element with id: &amp;apos;Object Repository/Menu/Menu_EPPM Configurations/menu_EPPM Configurations&amp;apos; located by &amp;apos;By.xpath: //ul/li/a[contains(text(),&amp;apos;EPPM Configurations&amp;apos;)]&amp;apos; not found\r\n\tat org.testng.Assert.fail(Assert.java:93)\r\n\tat org.testng.Assert$fail.call(Unknown Source)\r\n\tat org.codehaus.groovy.runtime.callsite.CallSiteArray.defaultCall(CallSiteArray.java:48)\r\n\tat org.codehaus.groovy.runtime.callsite.AbstractCallSite.call(AbstractCallSite.java:113)\r\n\tat org.codehaus.groovy.runtime.callsite.AbstractCallSite.call(AbstractCallSite.java:125)\r\n\tat com.eppm.keywords.TestBase.clickElement(TestBase.groovy:48)\r\n\tat sun.reflect.NativeMethodAccessorImpl.invoke0(Native Method)\r\n\tat sun.reflect.NativeMethodAccessorImpl.invoke(NativeMethodAccessorImpl.java:62)\r\n\tat sun.reflect.DelegatingMethodAccessorImpl.invoke(DelegatingMethodAccessorImpl.java:43)\r\n\tat java.lang.reflect.Method.invoke(Method.java:498)\r\n\tat org.codehaus.groovy.reflection.CachedMethod.invoke(CachedMethod.java:93)\r\n\tat groovy.lang.MetaMethod.doMethodInvoke(MetaMethod.java:325)\r\n\tat groovy.lang.MetaClassImpl.invokeMethod(MetaClassImpl.java:1215)\r\n\tat groovy.lang.MetaClassImpl.invokeMethod(MetaClassImpl.java:1024)\r\n\tat groovy.lang.MetaClassImpl.invokeMethod(MetaClassImpl.java:812)\r\n\tat groovy.lang.DelegatingMetaClass.invokeMethod(DelegatingMetaClass.java:144)\r\n\tat com.eppm.keywords.TestBase.invokeMethod(TestBase.groovy)\r\n\tat com.kms.katalon.core.main.CustomKeywordDelegatingMetaClass.invokeStaticMethod(CustomKeywordDelegatingMetaClass.java:46)\r\n\tat org.codehaus.groovy.runtime.callsite.StaticMetaClassSite.call(StaticMetaClassSite.java:53)\r\n\tat org.codehaus.groovy.runtime.callsite.CallSiteArray.defaultCall(CallSiteArray.java:48)\r\n\tat org.codehaus.groovy.runtime.callsite.AbstractCallSite.call(AbstractCallSite.java:113)\r\n\tat org.codehaus.groovy.runtime.callsite.AbstractCallSite.call(AbstractCallSite.java:125)\r\n\tat Script1579069240707.run(Script1579069240707.groovy:18)\r\n\tat com.kms.katalon.core.main.ScriptEngine.run(ScriptEngine.java:183)\r\n\tat com.kms.katalon.core.main.ScriptEngine.runScriptAsRawText(ScriptEngine.java:108)\r\n\tat com.kms.katalon.core.main.TestCaseExecutor.runScript(TestCaseExecutor.java:294)\r\n\tat com.kms.katalon.core.main.TestCaseExecutor.doExecute(TestCaseExecutor.java:285)\r\n\tat com.kms.katalon.core.main.TestCaseExecutor.processExecutionPhase(TestCaseExecutor.java:264)\r\n\tat com.kms.katalon.core.main.TestCaseExecutor.accessMainPhase(TestCaseExecutor.java:256)\r\n\tat com.kms.katalon.core.main.TestCaseExecutor.execute(TestCaseExecutor.java:200)\r\n\tat com.kms.katalon.core.main.TestSuiteExecutor.accessTestCaseMainPhase(TestSuiteExecutor.java:129)\r\n\tat com.kms.katalon.core.main.TestSuiteExecutor.accessTestSuiteMainPhase(TestSuiteExecutor.java:112)\r\n\tat com.kms.katalon.core.main.TestSuiteExecutor.execute(TestSuiteExecutor.java:81)\r\n\tat com.kms.katalon.core.main.TestCaseMain.startTestSuite(TestCaseMain.java:142)\r\n\tat com.kms.katalon.core.main.TestCaseMain$startTestSuite$0.call(Unknown Source)\r\n\tat org.codehaus.groovy.runtime.callsite.CallSiteArray.defaultCall(CallSiteArray.java:48)\r\n\tat org.codehaus.groovy.runtime.callsite.AbstractCallSite.call(AbstractCallSite.java:113)\r\n\tat org.codehaus.groovy.runtime.callsite.AbstractCallSite.call(AbstractCallSite.java:141)\r\n\tat TempTestSuite1579167326417.run(TempTestSuite1579167326417.groovy:36)\r\n\tat groovy.lang.GroovyShell.runScriptOrMainOrTestOrRunnable(GroovyShell.java:263)\r\n\tat groovy.lang.GroovyShell.run(GroovyShell.java:518)\r\n\tat groovy.lang.GroovyShell.run(GroovyShell.java:507)\r\n\tat groovy.ui.GroovyMain.processOnce(GroovyMain.java:653)\r\n\tat groovy.ui.GroovyMain.run(GroovyMain.java:384)\r\n\tat groovy.ui.GroovyMain.process(GroovyMain.java:370)\r\n\tat groovy.ui.GroovyMain.processArgs(GroovyMain.java:129)\r\n\tat groovy.ui.GroovyMain.main(GroovyMain.java:109)\r\n\tat sun.reflect.NativeMethodAccessorImpl.invoke0(Native Method)\r\n\tat sun.reflect.NativeMethodAccessorImpl.invoke(NativeMethodAccessorImpl.java:62)\r\n\tat sun.reflect.DelegatingMethodAccessorImpl.invoke(DelegatingMethodAccessorImpl.java:43)\r\n\tat java.lang.reflect.Method.invoke(Method.java:498)\r\n\tat org.codehaus.groovy.tools.GroovyStarter.rootLoader(GroovyStarter.java:109)\r\n\tat org.codehaus.groovy.tools.GroovyStarter.main(GroovyStarter.java:131)\r\n)))</message>
  <exception>
    <message>org.codehaus.groovy.runtime.InvokerInvocationException: java.lang.AssertionError: Web element with id: 'Object Repository/Menu/Menu_EPPM Configurations/menu_EPPM Configurations' located by 'By.xpath: //ul/li/a[contains(text(),'EPPM Configurations')]' not found</message>
    <frame>
      <class>org.codehaus.groovy.reflection.CachedMethod</class>
      <method>invoke</method>
      <line>100</line>
    </frame>
    <frame>
      <class>groovy.lang.MetaMethod</class>
      <method>doMethodInvoke</method>
      <line>325</line>
    </frame>
    <frame>
      <class>groovy.lang.MetaClassImpl</class>
      <method>invokeMethod</method>
      <line>1215</line>
    </frame>
    <frame>
      <class>groovy.lang.MetaClassImpl</class>
      <method>invokeMethod</method>
      <line>1024</line>
    </frame>
    <frame>
      <class>groovy.lang.MetaClassImpl</class>
      <method>invokeMethod</method>
      <line>812</line>
    </frame>
    <frame>
      <class>groovy.lang.DelegatingMetaClass</class>
      <method>invokeMethod</method>
      <line>144</line>
    </frame>
    <frame>
      <class>com.eppm.keywords.TestBase</class>
      <method>invokeMethod</method>
    </frame>
    <frame>
      <class>com.kms.katalon.core.main.CustomKeywordDelegatingMetaClass</class>
      <method>invokeStaticMethod</method>
      <line>46</line>
    </frame>
    <frame>
      <class>org.codehaus.groovy.runtime.callsite.StaticMetaClassSite</class>
      <method>call</method>
      <line>53</line>
    </frame>
    <frame>
      <class>org.codehaus.groovy.runtime.callsite.CallSiteArray</class>
      <method>defaultCall</method>
      <line>48</line>
    </frame>
    <frame>
      <class>org.codehaus.groovy.runtime.callsite.AbstractCallSite</class>
      <method>call</method>
      <line>113</line>
    </frame>
    <frame>
      <class>org.codehaus.groovy.runtime.callsite.AbstractCallSite</class>
      <method>call</method>
      <line>125</line>
    </frame>
    <frame>
      <class>Script1579069240707</class>
      <method>run</method>
      <line>18</line>
    </frame>
    <frame>
      <class>com.kms.katalon.core.main.ScriptEngine</class>
      <method>run</method>
      <line>183</line>
    </frame>
    <frame>
      <class>com.kms.katalon.core.main.ScriptEngine</class>
      <method>runScriptAsRawText</method>
      <line>108</line>
    </frame>
    <frame>
      <class>com.kms.katalon.core.main.TestCaseExecutor</class>
      <method>runScript</method>
      <line>294</line>
    </frame>
    <frame>
      <class>com.kms.katalon.core.main.TestCaseExecutor</class>
      <method>doExecute</method>
      <line>285</line>
    </frame>
    <frame>
      <class>com.kms.katalon.core.main.TestCaseExecutor</class>
      <method>processExecutionPhase</method>
      <line>264</line>
    </frame>
    <frame>
      <class>com.kms.katalon.core.main.TestCaseExecutor</class>
      <method>accessMainPhase</method>
      <line>256</line>
    </frame>
    <frame>
      <class>com.kms.katalon.core.main.TestCaseExecutor</class>
      <method>execute</method>
      <line>200</line>
    </frame>
    <frame>
      <class>com.kms.katalon.core.main.TestSuiteExecutor</class>
      <method>accessTestCaseMainPhase</method>
      <line>129</line>
    </frame>
    <frame>
      <class>com.kms.katalon.core.main.TestSuiteExecutor</class>
      <method>accessTestSuiteMainPhase</method>
      <line>112</line>
    </frame>
    <frame>
      <class>com.kms.katalon.core.main.TestSuiteExecutor</class>
      <method>execute</method>
      <line>81</line>
    </frame>
    <frame>
      <class>com.kms.katalon.core.main.TestCaseMain</class>
      <method>startTestSuite</method>
      <line>142</line>
    </frame>
    <frame>
      <class>com.kms.katalon.core.main.TestCaseMain$startTestSuite$0</class>
      <method>call</method>
    </frame>
    <frame>
      <class>org.codehaus.groovy.runtime.callsite.CallSiteArray</class>
      <method>defaultCall</method>
      <line>48</line>
    </frame>
    <frame>
      <class>org.codehaus.groovy.runtime.callsite.AbstractCallSite</class>
      <method>call</method>
      <line>113</line>
    </frame>
    <frame>
      <class>org.codehaus.groovy.runtime.callsite.AbstractCallSite</class>
      <method>call</method>
      <line>141</line>
    </frame>
    <frame>
      <class>TempTestSuite1579167326417</class>
      <method>run</method>
      <line>36</line>
    </frame>
    <frame>
      <class>groovy.lang.GroovyShell</class>
      <method>runScriptOrMainOrTestOrRunnable</method>
      <line>263</line>
    </frame>
    <frame>
      <class>groovy.lang.GroovyShell</class>
      <method>run</method>
      <line>518</line>
    </frame>
    <frame>
      <class>groovy.lang.GroovyShell</class>
      <method>run</method>
      <line>507</line>
    </frame>
    <frame>
      <class>groovy.ui.GroovyMain</class>
      <method>processOnce</method>
      <line>653</line>
    </frame>
    <frame>
      <class>groovy.ui.GroovyMain</class>
      <method>run</method>
      <line>384</line>
    </frame>
    <frame>
      <class>groovy.ui.GroovyMain</class>
      <method>process</method>
      <line>370</line>
    </frame>
    <frame>
      <class>groovy.ui.GroovyMain</class>
      <method>processArgs</method>
      <line>129</line>
    </frame>
    <frame>
      <class>groovy.ui.GroovyMain</class>
      <method>main</method>
      <line>109</line>
    </frame>
    <frame>
      <class>sun.reflect.NativeMethodAccessorImpl</class>
      <method>invoke0</method>
    </frame>
    <frame>
      <class>sun.reflect.NativeMethodAccessorImpl</class>
      <method>invoke</method>
      <line>62</line>
    </frame>
    <frame>
      <class>sun.reflect.DelegatingMethodAccessorImpl</class>
      <method>invoke</method>
      <line>43</line>
    </frame>
    <frame>
      <class>java.lang.reflect.Method</class>
      <method>invoke</method>
      <line>498</line>
    </frame>
    <frame>
      <class>org.codehaus.groovy.tools.GroovyStarter</class>
      <method>rootLoader</method>
      <line>109</line>
    </frame>
    <frame>
      <class>org.codehaus.groovy.tools.GroovyStarter</class>
      <method>main</method>
      <line>131</line>
    </frame>
  </exception>
  <nestedLevel>0</nestedLevel>
</record>
<record>
  <date>2020-01-16T15:06:20</date>
  <millis>1579167380240</millis>
  <sequence>99</sequence>
  <level>START</level>
  <class>com.kms.katalon.core.logging.KeywordLogger</class>
  <method>startKeyword</method>
  <thread>1</thread>
  <message>Start listener action : sampleAfterTestCase</message>
  <nestedLevel>1</nestedLevel>
</record>
<record>
  <date>2020-01-16T15:06:20</date>
  <millis>1579167380241</millis>
  <sequence>100</sequence>
  <level>INFO</level>
  <class>com.kms.katalon.core.logging.KeywordLogger</class>
  <method>logMessage</method>
  <thread>1</thread>
  <message>Starting invoke &amp;apos;com.kms.katalon.core.annotation.AfterTestCase&amp;apos; method: &amp;apos;NewTestListener.sampleAfterTestCase(...)&amp;apos;</message>
  <nestedLevel>1</nestedLevel>
</record>
<record>
  <date>2020-01-16T15:06:20</date>
  <millis>1579167380241</millis>
  <sequence>101</sequence>
  <level>START</level>
  <class>com.kms.katalon.core.logging.KeywordLogger</class>
  <method>startKeyword</method>
  <thread>1</thread>
  <message>Start action : Statement - println(testCaseContext.getTestCaseId())</message>
  <nestedLevel>1</nestedLevel>
  <property name="startLine">28</property>
  <property name="stepIndex">1</property>
</record>
<record>
  <date>2020-01-16T15:06:20</date>
  <millis>1579167380243</millis>
  <sequence>102</sequence>
  <level>END</level>
  <class>com.kms.katalon.core.logging.KeywordLogger</class>
  <method>endKeyword</method>
  <thread>1</thread>
  <message>End action : Statement - println(testCaseContext.getTestCaseId())</message>
  <nestedLevel>1</nestedLevel>
</record>
<record>
  <date>2020-01-16T15:06:20</date>
  <millis>1579167380243</millis>
  <sequence>103</sequence>
  <level>START</level>
  <class>com.kms.katalon.core.logging.KeywordLogger</class>
  <method>startKeyword</method>
  <thread>1</thread>
  <message>Start action : Statement - println(testCaseContext.getTestCaseStatus())</message>
  <nestedLevel>1</nestedLevel>
  <property name="startLine">29</property>
  <property name="stepIndex">2</property>
</record>
<record>
  <date>2020-01-16T15:06:20</date>
  <millis>1579167380245</millis>
  <sequence>104</sequence>
  <level>INFO</level>
  <class>com.kms.katalon.core.logging.KeywordLogger</class>
  <method>logMessage</method>
  <thread>1</thread>
  <message>Invoke &amp;apos;com.kms.katalon.core.annotation.AfterTestCase&amp;apos; method: &amp;apos;NewTestListener.sampleAfterTestCase(...)&amp;apos; completed.</message>
  <nestedLevel>1</nestedLevel>
</record>
<record>
  <date>2020-01-16T15:06:20</date>
  <millis>1579167380245</millis>
  <sequence>105</sequence>
  <level>END</level>
  <class>com.kms.katalon.core.logging.KeywordLogger</class>
  <method>endKeyword</method>
  <thread>1</thread>
  <message>End action : Statement - println(testCaseContext.getTestCaseStatus())</message>
  <nestedLevel>1</nestedLevel>
</record>
<record>
  <date>2020-01-16T15:06:20</date>
  <millis>1579167380246</millis>
  <sequence>106</sequence>
  <level>END</level>
  <class>com.kms.katalon.core.logging.KeywordLogger</class>
  <method>endKeyword</method>
  <thread>1</thread>
  <message>End listener action : sampleAfterTestCase</message>
  <nestedLevel>1</nestedLevel>
</record>
<record>
  <date>2020-01-16T15:06:20</date>
  <millis>1579167380246</millis>
  <sequence>107</sequence>
  <level>END</level>
  <class>com.kms.katalon.core.logging.KeywordLogger</class>
  <method>endTest</method>
  <thread>1</thread>
  <message>End Test Case : Test Cases/Masters/EPPM Configurations/Manage Endeavour Booking Masters/01_Cost_Operation_Centres/CRUD_Operation_Cost Centres/TC_01_Create Cost Centres</message>
  <nestedLevel>0</nestedLevel>
</record>
<record>
  <date>2020-01-16T15:06:20</date>
  <millis>1579167380251</millis>
  <sequence>108</sequence>
  <level>START</level>
  <class>com.kms.katalon.core.logging.KeywordLogger</class>
  <method>startTest</method>
  <thread>1</thread>
  <message>Start Test Case : Test Cases/Masters/EPPM Configurations/Manage Endeavour Booking Masters/01_Cost_Operation_Centres/CRUD_Operation_Cost Centres/TC_02_Revert Cost Centres</message>
  <nestedLevel>1</nestedLevel>
  <property name="name">Test Cases/Masters/EPPM Configurations/Manage Endeavour Booking Masters/01_Cost_Operation_Centres/CRUD_Operation_Cost Centres/TC_02_Revert Cost Centres</property>
  <property name="description"></property>
  <property name="id">Test Cases/Masters/EPPM Configurations/Manage Endeavour Booking Masters/01_Cost_Operation_Centres/CRUD_Operation_Cost Centres/TC_02_Revert Cost Centres</property>
  <property name="source">C:\\Users\\paramatrix\\Desktop\\Automation KT session\\EPPMProject\\Test Cases\\Masters\\EPPM Configurations\\Manage Endeavour Booking Masters\\01_Cost_Operation_Centres\\CRUD_Operation_Cost Centres\\TC_02_Revert Cost Centres.tc</property>
  <property name="isOptional">false</property>
</record>
<record>
  <date>2020-01-16T15:06:20</date>
  <millis>1579167380281</millis>
  <sequence>109</sequence>
  <level>INFO</level>
  <class>com.kms.katalon.core.logging.KeywordLogger</class>
  <method>logMessage</method>
  <thread>1</thread>
  <message>Evaluating variables for test case</message>
  <nestedLevel>1</nestedLevel>
</record>
<record>
  <date>2020-01-16T15:06:20</date>
  <millis>1579167380282</millis>
  <sequence>110</sequence>
  <level>INFO</level>
  <class>com.kms.katalon.core.logging.KeywordLogger</class>
  <method>logMessage</method>
  <thread>1</thread>
  <message>Variable &amp;apos;Name_Create_Cost_Centre&amp;apos; is set to Automatinon Cost Centre</message>
  <nestedLevel>1</nestedLevel>
</record>
<record>
  <date>2020-01-16T15:06:20</date>
  <millis>1579167380283</millis>
  <sequence>111</sequence>
  <level>INFO</level>
  <class>com.kms.katalon.core.logging.KeywordLogger</class>
  <method>logMessage</method>
  <thread>1</thread>
  <message>Variable &amp;apos;Name_Revert_Cost_Centre&amp;apos; is set to Automatinon Cost Centre Revert</message>
  <nestedLevel>1</nestedLevel>
</record>
<record>
  <date>2020-01-16T15:06:20</date>
  <millis>1579167380283</millis>
  <sequence>112</sequence>
  <level>START</level>
  <class>com.kms.katalon.core.logging.KeywordLogger</class>
  <method>startKeyword</method>
  <thread>1</thread>
  <message>Start listener action : sampleBeforeTestCase</message>
  <nestedLevel>1</nestedLevel>
</record>
<record>
  <date>2020-01-16T15:06:20</date>
  <millis>1579167380284</millis>
  <sequence>113</sequence>
  <level>INFO</level>
  <class>com.kms.katalon.core.logging.KeywordLogger</class>
  <method>logMessage</method>
  <thread>1</thread>
  <message>Starting invoke &amp;apos;com.kms.katalon.core.annotation.BeforeTestCase&amp;apos; method: &amp;apos;NewTestListener.sampleBeforeTestCase(...)&amp;apos;</message>
  <nestedLevel>1</nestedLevel>
</record>
<record>
  <date>2020-01-16T15:06:20</date>
  <millis>1579167380285</millis>
  <sequence>114</sequence>
  <level>START</level>
  <class>com.kms.katalon.core.logging.KeywordLogger</class>
  <method>startKeyword</method>
  <thread>1</thread>
  <message>Start action : Statement - println(testCaseContext.getTestCaseId())</message>
  <nestedLevel>1</nestedLevel>
  <property name="startLine">18</property>
  <property name="stepIndex">1</property>
</record>
<record>
  <date>2020-01-16T15:06:20</date>
  <millis>1579167380286</millis>
  <sequence>115</sequence>
  <level>END</level>
  <class>com.kms.katalon.core.logging.KeywordLogger</class>
  <method>endKeyword</method>
  <thread>1</thread>
  <message>End action : Statement - println(testCaseContext.getTestCaseId())</message>
  <nestedLevel>1</nestedLevel>
</record>
<record>
  <date>2020-01-16T15:06:20</date>
  <millis>1579167380286</millis>
  <sequence>116</sequence>
  <level>START</level>
  <class>com.kms.katalon.core.logging.KeywordLogger</class>
  <method>startKeyword</method>
  <thread>1</thread>
  <message>Start action : Statement - println(testCaseContext.getTestCaseVariables())</message>
  <nestedLevel>1</nestedLevel>
  <property name="startLine">19</property>
  <property name="stepIndex">2</property>
</record>
<record>
  <date>2020-01-16T15:06:20</date>
  <millis>1579167380292</millis>
  <sequence>117</sequence>
  <level>INFO</level>
  <class>com.kms.katalon.core.logging.KeywordLogger</class>
  <method>logMessage</method>
  <thread>1</thread>
  <message>Invoke &amp;apos;com.kms.katalon.core.annotation.BeforeTestCase&amp;apos; method: &amp;apos;NewTestListener.sampleBeforeTestCase(...)&amp;apos; completed.</message>
  <nestedLevel>1</nestedLevel>
</record>
<record>
  <date>2020-01-16T15:06:20</date>
  <millis>1579167380294</millis>
  <sequence>118</sequence>
  <level>END</level>
  <class>com.kms.katalon.core.logging.KeywordLogger</class>
  <method>endKeyword</method>
  <thread>1</thread>
  <message>End action : Statement - println(testCaseContext.getTestCaseVariables())</message>
  <nestedLevel>1</nestedLevel>
</record>
<record>
  <date>2020-01-16T15:06:20</date>
  <millis>1579167380295</millis>
  <sequence>119</sequence>
  <level>END</level>
  <class>com.kms.katalon.core.logging.KeywordLogger</class>
  <method>endKeyword</method>
  <thread>1</thread>
  <message>End listener action : sampleBeforeTestCase</message>
  <nestedLevel>1</nestedLevel>
</record>
<record>
  <date>2020-01-16T15:06:20</date>
  <millis>1579167380640</millis>
  <sequence>120</sequence>
  <level>START</level>
  <class>com.kms.katalon.core.logging.KeywordLogger</class>
  <method>startKeyword</method>
  <thread>1</thread>
  <message>Start action : com.eppm.keywords.TestBase.isElementPresent</message>
  <nestedLevel>1</nestedLevel>
  <property name="startLine">18</property>
  <property name="stepIndex">1</property>
  <property name="description">verify Cost Centre header is present</property>
</record>
<record>
  <date>2020-01-16T15:06:20</date>
  <millis>1579167380647</millis>
  <sequence>121</sequence>
  <level>INFO</level>
  <class>com.kms.katalon.core.logging.KeywordLogger</class>
  <method>logMessage</method>
  <thread>1</thread>
  <message>Finding Test Object with id &amp;apos;Object Repository/Cost_Centre_Page/header_Cost Centre&amp;apos;</message>
  <nestedLevel>1</nestedLevel>
</record>
<record>
  <date>2020-01-16T15:06:20</date>
  <millis>1579167380655</millis>
  <sequence>122</sequence>
  <level>INFO</level>
  <class>com.kms.katalon.core.logging.KeywordLogger</class>
  <method>logMessage</method>
  <thread>1</thread>
  <message>Checking timeout</message>
  <nestedLevel>1</nestedLevel>
</record>
<record>
  <date>2020-01-16T15:06:20</date>
  <millis>1579167380655</millis>
  <sequence>123</sequence>
  <level>INFO</level>
  <class>com.kms.katalon.core.logging.KeywordLogger</class>
  <method>logMessage</method>
  <thread>1</thread>
  <message>Finding web element with id: &amp;apos;Object Repository/Cost_Centre_Page/header_Cost Centre&amp;apos; located by &amp;apos;By.xpath: //h3[contains(text(),&amp;apos;Cost Centre&amp;apos;)]&amp;apos; in &amp;apos;10&amp;apos; second(s)</message>
  <nestedLevel>1</nestedLevel>
</record>
